[debug] [2025-11-04T12:55:58.778Z] ----------------------------------------------------------------------
[debug] [2025-11-04T12:55:58.781Z] Command:       /usr/local/nodejs/bin/node /usr/local/nodejs/bin/firebase projects:create connect-app --json
[debug] [2025-11-04T12:55:58.781Z] CLI Version:   14.23.0
[debug] [2025-11-04T12:55:58.781Z] Platform:      linux
[debug] [2025-11-04T12:55:58.781Z] Node Version:  v22.20.0
[debug] [2025-11-04T12:55:58.782Z] Time:          Tue Nov 04 2025 18:25:58 GMT+0530 (India Standard Time)
[debug] [2025-11-04T12:55:58.782Z] ----------------------------------------------------------------------
[debug] 
[debug] [2025-11-04T12:55:58.786Z] > command requires scopes: ["email","openid","https://www.googleapis.com/auth/cloudplatformprojects.readonly","https://www.googleapis.com/auth/firebase","https://www.googleapis.com/auth/cloud-platform"]
[debug] [2025-11-04T12:55:58.786Z] > authorizing via signed-in user (akinavin404@gmail.com)
[debug] [2025-11-04T12:55:58.790Z] Checked if tokens are valid: true, expires at: 1762264383780
[debug] [2025-11-04T12:55:58.790Z] Checked if tokens are valid: true, expires at: 1762264383780
[debug] [2025-11-04T12:55:58.791Z] >>> [apiv2][query] POST https://cloudresourcemanager.googleapis.com/v1/projects [none]
[debug] [2025-11-04T12:55:58.791Z] >>> [apiv2][body] POST https://cloudresourcemanager.googleapis.com/v1/projects {"projectId":"connect-app","name":"connect-app"}
[debug] [2025-11-04T12:56:00.982Z] <<< [apiv2][status] POST https://cloudresourcemanager.googleapis.com/v1/projects 409
[debug] [2025-11-04T12:56:00.982Z] <<< [apiv2][body] POST https://cloudresourcemanager.googleapis.com/v1/projects {"error":{"code":409,"message":"Requested entity already exists","status":"ALREADY_EXISTS"}}
[debug] [2025-11-04T12:56:01.131Z] FirebaseError: Request to https://cloudresourcemanager.googleapis.com/v1/projects had HTTP Error: 409, Requested entity already exists
    at responseToError (/usr/local/nodejs/lib/node_modules/firebase-tools/lib/responseToError.js:53:12)
    at RetryOperation._fn (/usr/local/nodejs/lib/node_modules/firebase-tools/lib/apiv2.js:322:77)
    at process.processTicksAndRejections (node:internal/process/task_queues:105:5)
[error] 
[error] Error: Failed to create project because there is already a project with ID connect-app. Please try again with a unique project ID.
